<?xml version="1.0" encoding="UTF-8"?>
<!-- Generated by org.testng.reporters.JUnitXMLReporter -->
<testsuite ignored="0" hostname="DESKTOP-NK7FIIL" failures="1" tests="5" name="Surefire test" time="115.501" errors="0" timestamp="03 Dec 2023 17:43:24 GMT">
  <testcase classname="com.selenium.automation.SeleniumAutomation.tests.ErrorValidationTest" name="LoginErrorValidation" time="1.845">
    <failure type="java.lang.AssertionError" message="expected [Incorrect email or password.] but found [Incorrect email password.]">
      <![CDATA[java.lang.AssertionError: expected [Incorrect email or password.] but found [Incorrect email password.]
at com.selenium.automation.SeleniumAutomation.tests.ErrorValidationTest.LoginErrorValidation(ErrorValidationTest.java:21)
... Removed 36 stack frames]]>
    </failure>
  </testcase> <!-- LoginErrorValidation -->
  <testcase classname="com.selenium.automation.SeleniumAutomation.tests.ErrorValidationTest" name="ProductErrorValidaton" time="4.868"/>
  <testcase classname="com.selenium.automation.SeleniumAutomation.tests.StandAloneTest" name="submitOrder" time="18.323"/>
  <testcase classname="com.selenium.automation.SeleniumAutomation.tests.StandAloneTest" name="submitOrder" time="12.87"/>
  <testcase classname="com.selenium.automation.SeleniumAutomation.tests.StandAloneTest" name="orderHistory" time="2.498"/>
</testsuite> <!-- Surefire test -->
