<?xml version="1.0" encoding="UTF-8"?>
<testng-results ignored="0" total="5" passed="4" failed="1" skipped="0">
  <reporter-output>
  </reporter-output>
  <suite started-at="2023-12-03T17:41:29Z" name="Surefire suite" finished-at="2023-12-03T17:43:24Z" duration-ms="115501">
    <groups>
      <group name="Purchase">
        <method signature="StandAloneTest.submitOrder(java.util.HashMap)[pri:0, instance:com.selenium.automation.SeleniumAutomation.tests.StandAloneTest@1b7cc17c]" name="submitOrder" class="com.selenium.automation.SeleniumAutomation.tests.StandAloneTest"/>
      </group> <!-- Purchase -->
      <group name="ErrorHandling">
        <method signature="ErrorValidationTest.LoginErrorValidation()[pri:0, instance:com.selenium.automation.SeleniumAutomation.tests.ErrorValidationTest@4efbca5a]" name="LoginErrorValidation" class="com.selenium.automation.SeleniumAutomation.tests.ErrorValidationTest"/>
      </group> <!-- ErrorHandling -->
    </groups>
    <test started-at="2023-12-03T17:41:29Z" name="Surefire test" finished-at="2023-12-03T17:43:24Z" duration-ms="115501">
      <class name="com.selenium.automation.SeleniumAutomation.tests.ErrorValidationTest">
        <test-method is-config="true" signature="launchApplication()[pri:0, instance:com.selenium.automation.SeleniumAutomation.tests.ErrorValidationTest@4efbca5a]" started-at="2023-12-03T17:41:29Z" name="launchApplication" finished-at="2023-12-03T17:41:53Z" duration-ms="24450" status="PASS">
          <reporter-output>
          </reporter-output>
        </test-method> <!-- launchApplication -->
        <test-method signature="LoginErrorValidation()[pri:0, instance:com.selenium.automation.SeleniumAutomation.tests.ErrorValidationTest@4efbca5a]" started-at="2023-12-03T17:41:53Z" name="LoginErrorValidation" finished-at="2023-12-03T17:41:55Z" duration-ms="1845" status="FAIL">
          <exception class="java.lang.AssertionError">
            <message>
              <![CDATA[expected [Incorrect email or password.] but found [Incorrect email password.]]]>
            </message>
            <full-stacktrace>
              <![CDATA[java.lang.AssertionError: expected [Incorrect email or password.] but found [Incorrect email password.]
at org.testng.Assert.fail(Assert.java:96)
at org.testng.Assert.failNotEquals(Assert.java:776)
at org.testng.Assert.assertEqualsImpl(Assert.java:137)
at org.testng.Assert.assertEquals(Assert.java:118)
at org.testng.Assert.assertEquals(Assert.java:453)
at org.testng.Assert.assertEquals(Assert.java:463)
at com.selenium.automation.SeleniumAutomation.tests.ErrorValidationTest.LoginErrorValidation(ErrorValidationTest.java:21)
at java.base/jdk.internal.reflect.NativeMethodAccessorImpl.invoke0(Native Method)
at java.base/jdk.internal.reflect.NativeMethodAccessorImpl.invoke(NativeMethodAccessorImpl.java:62)
at java.base/jdk.internal.reflect.DelegatingMethodAccessorImpl.invoke(DelegatingMethodAccessorImpl.java:43)
at java.base/java.lang.reflect.Method.invoke(Method.java:566)
at org.testng.internal.MethodInvocationHelper.invokeMethod(MethodInvocationHelper.java:124)
at org.testng.internal.Invoker.invokeMethod(Invoker.java:583)
at org.testng.internal.Invoker.invokeTestMethod(Invoker.java:719)
at org.testng.internal.Invoker.invokeTestMethods(Invoker.java:989)
at org.testng.internal.TestMethodWorker.invokeTestMethods(TestMethodWorker.java:125)
at org.testng.internal.TestMethodWorker.run(TestMethodWorker.java:109)
at org.testng.TestRunner.privateRun(TestRunner.java:648)
at org.testng.TestRunner.run(TestRunner.java:505)
at org.testng.SuiteRunner.runTest(SuiteRunner.java:455)
at org.testng.SuiteRunner.runSequentially(SuiteRunner.java:450)
at org.testng.SuiteRunner.privateRun(SuiteRunner.java:415)
at org.testng.SuiteRunner.run(SuiteRunner.java:364)
at org.testng.SuiteRunnerWorker.runSuite(SuiteRunnerWorker.java:52)
at org.testng.SuiteRunnerWorker.run(SuiteRunnerWorker.java:84)
at org.testng.TestNG.runSuitesSequentially(TestNG.java:1208)
at org.testng.TestNG.runSuitesLocally(TestNG.java:1137)
at org.testng.TestNG.runSuites(TestNG.java:1049)
at org.testng.TestNG.run(TestNG.java:1017)
at org.apache.maven.surefire.testng.TestNGExecutor.run(TestNGExecutor.java:135)
at org.apache.maven.surefire.testng.TestNGDirectoryTestSuite.executeMulti(TestNGDirectoryTestSuite.java:193)
at org.apache.maven.surefire.testng.TestNGDirectoryTestSuite.execute(TestNGDirectoryTestSuite.java:94)
at org.apache.maven.surefire.testng.TestNGProvider.invoke(TestNGProvider.java:146)
at org.apache.maven.surefire.booter.ForkedBooter.invokeProviderInSameClassLoader(ForkedBooter.java:384)
at org.apache.maven.surefire.booter.ForkedBooter.runSuitesInProcess(ForkedBooter.java:345)
at org.apache.maven.surefire.booter.ForkedBooter.execute(ForkedBooter.java:126)
at org.apache.maven.surefire.booter.ForkedBooter.main(ForkedBooter.java:418)
]]>
            </full-stacktrace>
          </exception> <!-- java.lang.AssertionError -->
          <reporter-output>
          </reporter-output>
        </test-method> <!-- LoginErrorValidation -->
        <test-method is-config="true" signature="tearDown()[pri:0, instance:com.selenium.automation.SeleniumAutomation.tests.ErrorValidationTest@4efbca5a]" started-at="2023-12-03T17:41:55Z" name="tearDown" finished-at="2023-12-03T17:42:03Z" duration-ms="8446" status="PASS">
          <reporter-output>
          </reporter-output>
        </test-method> <!-- tearDown -->
        <test-method is-config="true" signature="launchApplication()[pri:0, instance:com.selenium.automation.SeleniumAutomation.tests.ErrorValidationTest@4efbca5a]" started-at="2023-12-03T17:42:03Z" name="launchApplication" finished-at="2023-12-03T17:42:12Z" duration-ms="8067" status="PASS">
          <reporter-output>
          </reporter-output>
        </test-method> <!-- launchApplication -->
        <test-method signature="ProductErrorValidaton()[pri:0, instance:com.selenium.automation.SeleniumAutomation.tests.ErrorValidationTest@4efbca5a]" started-at="2023-12-03T17:42:12Z" name="ProductErrorValidaton" finished-at="2023-12-03T17:42:16Z" duration-ms="4868" status="PASS">
          <reporter-output>
          </reporter-output>
        </test-method> <!-- ProductErrorValidaton -->
        <test-method is-config="true" signature="tearDown()[pri:0, instance:com.selenium.automation.SeleniumAutomation.tests.ErrorValidationTest@4efbca5a]" started-at="2023-12-03T17:42:16Z" name="tearDown" finished-at="2023-12-03T17:42:24Z" duration-ms="7499" status="PASS">
          <reporter-output>
          </reporter-output>
        </test-method> <!-- tearDown -->
      </class> <!-- com.selenium.automation.SeleniumAutomation.tests.ErrorValidationTest -->
      <class name="com.selenium.automation.SeleniumAutomation.tests.StandAloneTest">
        <test-method is-config="true" signature="launchApplication()[pri:0, instance:com.selenium.automation.SeleniumAutomation.tests.StandAloneTest@1b7cc17c]" started-at="2023-12-03T17:42:25Z" name="launchApplication" finished-at="2023-12-03T17:42:36Z" duration-ms="10967" status="PASS">
          <reporter-output>
          </reporter-output>
        </test-method> <!-- launchApplication -->
        <test-method signature="submitOrder(java.util.HashMap)[pri:0, instance:com.selenium.automation.SeleniumAutomation.tests.StandAloneTest@1b7cc17c]" started-at="2023-12-03T17:42:36Z" name="submitOrder" data-provider="getData" finished-at="2023-12-03T17:42:54Z" duration-ms="18323" status="PASS">
          <params>
            <param index="0">
              <value>
                <![CDATA[{product=ZARA COAT 3, pwd=1@Suraj1997, email=mechanicsf76@gmail.com}]]>
              </value>
            </param>
          </params>
          <reporter-output>
          </reporter-output>
        </test-method> <!-- submitOrder -->
        <test-method is-config="true" signature="tearDown()[pri:0, instance:com.selenium.automation.SeleniumAutomation.tests.StandAloneTest@1b7cc17c]" started-at="2023-12-03T17:42:54Z" name="tearDown" finished-at="2023-12-03T17:42:55Z" duration-ms="557" status="PASS">
          <reporter-output>
          </reporter-output>
        </test-method> <!-- tearDown -->
        <test-method is-config="true" signature="launchApplication()[pri:0, instance:com.selenium.automation.SeleniumAutomation.tests.StandAloneTest@1b7cc17c]" started-at="2023-12-03T17:42:55Z" name="launchApplication" finished-at="2023-12-03T17:42:59Z" duration-ms="4966" status="PASS">
          <reporter-output>
          </reporter-output>
        </test-method> <!-- launchApplication -->
        <test-method signature="submitOrder(java.util.HashMap)[pri:0, instance:com.selenium.automation.SeleniumAutomation.tests.StandAloneTest@1b7cc17c]" started-at="2023-12-03T17:42:59Z" name="submitOrder" data-provider="getData" finished-at="2023-12-03T17:43:12Z" duration-ms="12870" status="PASS">
          <params>
            <param index="0">
              <value>
                <![CDATA[{product=ADIDAS ORIGINAL, pwd=1@Suraj1997, email=sooraj121roman@gmail.com}]]>
              </value>
            </param>
          </params>
          <reporter-output>
          </reporter-output>
        </test-method> <!-- submitOrder -->
        <test-method is-config="true" signature="tearDown()[pri:0, instance:com.selenium.automation.SeleniumAutomation.tests.StandAloneTest@1b7cc17c]" started-at="2023-12-03T17:43:12Z" name="tearDown" finished-at="2023-12-03T17:43:14Z" duration-ms="1496" status="PASS">
          <reporter-output>
          </reporter-output>
        </test-method> <!-- tearDown -->
        <test-method is-config="true" signature="launchApplication()[pri:0, instance:com.selenium.automation.SeleniumAutomation.tests.StandAloneTest@1b7cc17c]" started-at="2023-12-03T17:43:14Z" name="launchApplication" finished-at="2023-12-03T17:43:19Z" duration-ms="5272" status="PASS">
          <reporter-output>
          </reporter-output>
        </test-method> <!-- launchApplication -->
        <test-method signature="orderHistory()[pri:0, instance:com.selenium.automation.SeleniumAutomation.tests.StandAloneTest@1b7cc17c]" started-at="2023-12-03T17:43:19Z" name="orderHistory" finished-at="2023-12-03T17:43:22Z" depends-on-methods="com.selenium.automation.SeleniumAutomation.tests.StandAloneTest.submitOrder" duration-ms="2498" status="PASS">
          <reporter-output>
          </reporter-output>
        </test-method> <!-- orderHistory -->
        <test-method is-config="true" signature="tearDown()[pri:0, instance:com.selenium.automation.SeleniumAutomation.tests.StandAloneTest@1b7cc17c]" started-at="2023-12-03T17:43:22Z" name="tearDown" finished-at="2023-12-03T17:43:24Z" duration-ms="2507" status="PASS">
          <reporter-output>
          </reporter-output>
        </test-method> <!-- tearDown -->
      </class> <!-- com.selenium.automation.SeleniumAutomation.tests.StandAloneTest -->
    </test> <!-- Surefire test -->
  </suite> <!-- Surefire suite -->
</testng-results>
